<?xml version="1.0" encoding="UTF-8"?>
<!-- Generated by org.testng.reporters.JUnitReportReporter -->
<testsuite hostname="yusans-MacBook-Air.local" failures="0" tests="1" name="TestCases.supplierTest" time="73.141" errors="0" timestamp="2022-04-18T10:39:17 EDT" skipped="0">
  <testcase classname="TestCases.supplierTest" name="suppliertest" time="73.141"/>
  <system-out/>
</testsuite> <!-- TestCases.supplierTest -->
