<?xml version="1.0" encoding="UTF-8"?>
<!-- Generated by org.testng.reporters.JUnitReportReporter -->
<testsuite hostname="yusans-MacBook-Air.local" failures="0" tests="1" name="TestCases.agenLogin" time="9.656" errors="0" timestamp="2022-03-09T18:32:40 EST" skipped="0">
  <testcase classname="TestCases.agenLogin" name="agentlogin" time="9.656"/>
  <system-out/>
</testsuite> <!-- TestCases.agenLogin -->
