<?xml version="1.0" encoding="UTF-8"?>
<!-- Generated by org.testng.reporters.JUnitReportReporter -->
<testsuite hostname="yusans-MacBook-Air.local" failures="0" tests="1" name="TestCases.supplierTest" time="7.832" errors="0" timestamp="2022-03-09T18:50:52 EST" skipped="0">
  <testcase classname="TestCases.supplierTest" name="suppliertest" time="7.832"/>
  <system-out/>
</testsuite> <!-- TestCases.supplierTest -->
