<?xml version="1.0" encoding="UTF-8"?>
<!-- Generated by org.testng.reporters.JUnitReportReporter -->
<testsuite hostname="yusans-MacBook-Air.local" failures="0" tests="1" name="TestCases.adminLogin" time="5.884" errors="0" timestamp="2022-03-08T22:17:13 EST" skipped="0">
  <testcase classname="TestCases.adminLogin" name="testadmin" time="5.884"/>
  <system-out/>
</testsuite> <!-- TestCases.adminLogin -->
