<?xml version="1.0" encoding="UTF-8"?>
<!-- Generated by org.testng.reporters.JUnitReportReporter -->
<testsuite hostname="yusans-MacBook-Air.local" failures="0" tests="1" name="TestCases.adimnTestCase" time="7.977" errors="0" timestamp="2022-03-26T23:53:53 EDT" skipped="0">
  <testcase classname="TestCases.adimnTestCase" name="adminTest" time="7.977"/>
  <system-out/>
</testsuite> <!-- TestCases.adimnTestCase -->
