<?xml version="1.0" encoding="UTF-8"?>
<!-- Generated by org.testng.reporters.JUnitReportReporter -->
<testsuite hostname="yusans-MacBook-Air.local" failures="0" tests="1" name="TestCases.adimnTestCase" time="11.844" errors="0" timestamp="2022-04-25T22:07:36 EDT" skipped="0">
  <testcase classname="TestCases.adimnTestCase" name="adminTest" time="11.844"/>
  <system-out/>
</testsuite> <!-- TestCases.adimnTestCase -->
